<?xml version="1.0" encoding="UTF-8"?>
<!-- Generated by org.testng.reporters.JUnitReportReporter -->
<testsuite skipped="0" hostname="shubhangi.sri.com" name="seleniumgrid.seleniumgrid.Sgrid" tests="1" failures="0" timestamp="18 Mar 2019 12:56:25 GMT" time="3.772" errors="0">
  <testcase name="simpleTest" time="3.772" classname="seleniumgrid.seleniumgrid.Sgrid"/>
</testsuite> <!-- seleniumgrid.seleniumgrid.Sgrid -->
